<?xml version="1.0" encoding="UTF-8"?>
<!-- Generated by org.testng.reporters.JUnitReportReporter -->
<testsuite hostname="PAVAN09FA" failures="0" tests="1" name="testCases.TC_004_SearchProductTest" time="1.134" errors="0" timestamp="2023-09-01T09:58:59 IST" skipped="0">
  <testcase classname="testCases.TC_004_SearchProductTest" name="test_pruductSearch" time="1.134"/>
</testsuite> <!-- testCases.TC_004_SearchProductTest -->
